<?xml version="1.0" encoding="UTF-8"?>
<!-- Generated by org.testng.reporters.JUnitReportReporter -->
<testsuite hostname="Anand" failures="0" tests="1" name="com.Test.Test_1" time="4.952" errors="0" timestamp="2022-08-05T09:40:48 IST" skipped="0">
  <testcase classname="com.Test.Test_1" name="Test_001" time="4.952"/>
  <system-out/>
</testsuite> <!-- com.Test.Test_1 -->
